Error: Cannot find module 'express'
Require stack:
- /home/sridhar/Sports/capstone/app.js
- /home/sridhar/Sports/capstone/index.js
    at Module._resolveFilename (node:internal/modules/cjs/loader:1075:15)
    at Hook._require.Module.require (/home/sridhar/.nvm/versions/node/v18.15.0/lib/node_modules/pm2/node_modules/require-in-the-middle/index.js:81:25)
    at require (node:internal/modules/cjs/helpers:110:18)
    at Object.<anonymous> (/home/sridhar/Sports/capstone/app.js:3:17)
    at Module._compile (node:internal/modules/cjs/loader:1254:14)
    at Module._extensions..js (node:internal/modules/cjs/loader:1308:10)
    at Module.load (node:internal/modules/cjs/loader:1117:32)
    at Module._load (node:internal/modules/cjs/loader:958:12)
    at Module.require (node:internal/modules/cjs/loader:1141:19)
    at Hook._require.Module.require (/home/sridhar/.nvm/versions/node/v18.15.0/lib/node_modules/pm2/node_modules/require-in-the-middle/index.js:101:39)
Error: Cannot find module 'express'
Require stack:
- /home/sridhar/Sports/capstone/app.js
- /home/sridhar/Sports/capstone/index.js
    at Module._resolveFilename (node:internal/modules/cjs/loader:1075:15)
    at Hook._require.Module.require (/home/sridhar/.nvm/versions/node/v18.15.0/lib/node_modules/pm2/node_modules/require-in-the-middle/index.js:81:25)
    at require (node:internal/modules/cjs/helpers:110:18)
    at Object.<anonymous> (/home/sridhar/Sports/capstone/app.js:3:17)
    at Module._compile (node:internal/modules/cjs/loader:1254:14)
    at Module._extensions..js (node:internal/modules/cjs/loader:1308:10)
    at Module.load (node:internal/modules/cjs/loader:1117:32)
    at Module._load (node:internal/modules/cjs/loader:958:12)
    at Module.require (node:internal/modules/cjs/loader:1141:19)
    at Hook._require.Module.require (/home/sridhar/.nvm/versions/node/v18.15.0/lib/node_modules/pm2/node_modules/require-in-the-middle/index.js:101:39)
Error: Cannot find module 'express'
Require stack:
- /home/sridhar/Sports/capstone/app.js
- /home/sridhar/Sports/capstone/index.js
    at Module._resolveFilename (node:internal/modules/cjs/loader:1075:15)
    at Hook._require.Module.require (/home/sridhar/.nvm/versions/node/v18.15.0/lib/node_modules/pm2/node_modules/require-in-the-middle/index.js:81:25)
    at require (node:internal/modules/cjs/helpers:110:18)
    at Object.<anonymous> (/home/sridhar/Sports/capstone/app.js:3:17)
    at Module._compile (node:internal/modules/cjs/loader:1254:14)
    at Module._extensions..js (node:internal/modules/cjs/loader:1308:10)
    at Module.load (node:internal/modules/cjs/loader:1117:32)
    at Module._load (node:internal/modules/cjs/loader:958:12)
    at Module.require (node:internal/modules/cjs/loader:1141:19)
    at Hook._require.Module.require (/home/sridhar/.nvm/versions/node/v18.15.0/lib/node_modules/pm2/node_modules/require-in-the-middle/index.js:101:39)
Error: Cannot find module 'express'
Require stack:
- /home/sridhar/Sports/capstone/app.js
- /home/sridhar/Sports/capstone/index.js
    at Module._resolveFilename (node:internal/modules/cjs/loader:1075:15)
    at Hook._require.Module.require (/home/sridhar/.nvm/versions/node/v18.15.0/lib/node_modules/pm2/node_modules/require-in-the-middle/index.js:81:25)
    at require (node:internal/modules/cjs/helpers:110:18)
    at Object.<anonymous> (/home/sridhar/Sports/capstone/app.js:3:17)
    at Module._compile (node:internal/modules/cjs/loader:1254:14)
    at Module._extensions..js (node:internal/modules/cjs/loader:1308:10)
    at Module.load (node:internal/modules/cjs/loader:1117:32)
    at Module._load (node:internal/modules/cjs/loader:958:12)
    at Module.require (node:internal/modules/cjs/loader:1141:19)
    at Hook._require.Module.require (/home/sridhar/.nvm/versions/node/v18.15.0/lib/node_modules/pm2/node_modules/require-in-the-middle/index.js:101:39)
Error: Cannot find module 'express'
Require stack:
- /home/sridhar/Sports/capstone/app.js
- /home/sridhar/Sports/capstone/index.js
    at Module._resolveFilename (node:internal/modules/cjs/loader:1075:15)
    at Hook._require.Module.require (/home/sridhar/.nvm/versions/node/v18.15.0/lib/node_modules/pm2/node_modules/require-in-the-middle/index.js:81:25)
    at require (node:internal/modules/cjs/helpers:110:18)
    at Object.<anonymous> (/home/sridhar/Sports/capstone/app.js:3:17)
    at Module._compile (node:internal/modules/cjs/loader:1254:14)
    at Module._extensions..js (node:internal/modules/cjs/loader:1308:10)
    at Module.load (node:internal/modules/cjs/loader:1117:32)
    at Module._load (node:internal/modules/cjs/loader:958:12)
    at Module.require (node:internal/modules/cjs/loader:1141:19)
    at Hook._require.Module.require (/home/sridhar/.nvm/versions/node/v18.15.0/lib/node_modules/pm2/node_modules/require-in-the-middle/index.js:101:39)
Error: Cannot find module 'express'
Require stack:
- /home/sridhar/Sports/capstone/app.js
- /home/sridhar/Sports/capstone/index.js
    at Module._resolveFilename (node:internal/modules/cjs/loader:1075:15)
    at Hook._require.Module.require (/home/sridhar/.nvm/versions/node/v18.15.0/lib/node_modules/pm2/node_modules/require-in-the-middle/index.js:81:25)
    at require (node:internal/modules/cjs/helpers:110:18)
    at Object.<anonymous> (/home/sridhar/Sports/capstone/app.js:3:17)
    at Module._compile (node:internal/modules/cjs/loader:1254:14)
    at Module._extensions..js (node:internal/modules/cjs/loader:1308:10)
    at Module.load (node:internal/modules/cjs/loader:1117:32)
    at Module._load (node:internal/modules/cjs/loader:958:12)
    at Module.require (node:internal/modules/cjs/loader:1141:19)
    at Hook._require.Module.require (/home/sridhar/.nvm/versions/node/v18.15.0/lib/node_modules/pm2/node_modules/require-in-the-middle/index.js:101:39)
Error: Cannot find module 'express'
Require stack:
- /home/sridhar/Sports/capstone/app.js
- /home/sridhar/Sports/capstone/index.js
    at Module._resolveFilename (node:internal/modules/cjs/loader:1075:15)
    at Hook._require.Module.require (/home/sridhar/.nvm/versions/node/v18.15.0/lib/node_modules/pm2/node_modules/require-in-the-middle/index.js:81:25)
    at require (node:internal/modules/cjs/helpers:110:18)
    at Object.<anonymous> (/home/sridhar/Sports/capstone/app.js:3:17)
    at Module._compile (node:internal/modules/cjs/loader:1254:14)
    at Module._extensions..js (node:internal/modules/cjs/loader:1308:10)
    at Module.load (node:internal/modules/cjs/loader:1117:32)
    at Module._load (node:internal/modules/cjs/loader:958:12)
    at Module.require (node:internal/modules/cjs/loader:1141:19)
    at Hook._require.Module.require (/home/sridhar/.nvm/versions/node/v18.15.0/lib/node_modules/pm2/node_modules/require-in-the-middle/index.js:101:39)
Error: Cannot find module 'express'
Require stack:
- /home/sridhar/Sports/capstone/app.js
- /home/sridhar/Sports/capstone/index.js
    at Module._resolveFilename (node:internal/modules/cjs/loader:1075:15)
    at Hook._require.Module.require (/home/sridhar/.nvm/versions/node/v18.15.0/lib/node_modules/pm2/node_modules/require-in-the-middle/index.js:81:25)
    at require (node:internal/modules/cjs/helpers:110:18)
    at Object.<anonymous> (/home/sridhar/Sports/capstone/app.js:3:17)
    at Module._compile (node:internal/modules/cjs/loader:1254:14)
    at Module._extensions..js (node:internal/modules/cjs/loader:1308:10)
    at Module.load (node:internal/modules/cjs/loader:1117:32)
    at Module._load (node:internal/modules/cjs/loader:958:12)
    at Module.require (node:internal/modules/cjs/loader:1141:19)
    at Hook._require.Module.require (/home/sridhar/.nvm/versions/node/v18.15.0/lib/node_modules/pm2/node_modules/require-in-the-middle/index.js:101:39)
Error: Cannot find module 'express'
Require stack:
- /home/sridhar/Sports/capstone/app.js
- /home/sridhar/Sports/capstone/index.js
    at Module._resolveFilename (node:internal/modules/cjs/loader:1075:15)
    at Hook._require.Module.require (/home/sridhar/.nvm/versions/node/v18.15.0/lib/node_modules/pm2/node_modules/require-in-the-middle/index.js:81:25)
    at require (node:internal/modules/cjs/helpers:110:18)
    at Object.<anonymous> (/home/sridhar/Sports/capstone/app.js:3:17)
    at Module._compile (node:internal/modules/cjs/loader:1254:14)
    at Module._extensions..js (node:internal/modules/cjs/loader:1308:10)
    at Module.load (node:internal/modules/cjs/loader:1117:32)
    at Module._load (node:internal/modules/cjs/loader:958:12)
    at Module.require (node:internal/modules/cjs/loader:1141:19)
    at Hook._require.Module.require (/home/sridhar/.nvm/versions/node/v18.15.0/lib/node_modules/pm2/node_modules/require-in-the-middle/index.js:101:39)
Error: Cannot find module 'express'
Require stack:
- /home/sridhar/Sports/capstone/app.js
- /home/sridhar/Sports/capstone/index.js
    at Module._resolveFilename (node:internal/modules/cjs/loader:1075:15)
    at Hook._require.Module.require (/home/sridhar/.nvm/versions/node/v18.15.0/lib/node_modules/pm2/node_modules/require-in-the-middle/index.js:81:25)
    at require (node:internal/modules/cjs/helpers:110:18)
    at Object.<anonymous> (/home/sridhar/Sports/capstone/app.js:3:17)
    at Module._compile (node:internal/modules/cjs/loader:1254:14)
    at Module._extensions..js (node:internal/modules/cjs/loader:1308:10)
    at Module.load (node:internal/modules/cjs/loader:1117:32)
    at Module._load (node:internal/modules/cjs/loader:958:12)
    at Module.require (node:internal/modules/cjs/loader:1141:19)
    at Hook._require.Module.require (/home/sridhar/.nvm/versions/node/v18.15.0/lib/node_modules/pm2/node_modules/require-in-the-middle/index.js:101:39)
Error: Cannot find module 'express'
Require stack:
- /home/sridhar/Sports/capstone/app.js
- /home/sridhar/Sports/capstone/index.js
    at Module._resolveFilename (node:internal/modules/cjs/loader:1075:15)
    at Hook._require.Module.require (/home/sridhar/.nvm/versions/node/v18.15.0/lib/node_modules/pm2/node_modules/require-in-the-middle/index.js:81:25)
    at require (node:internal/modules/cjs/helpers:110:18)
    at Object.<anonymous> (/home/sridhar/Sports/capstone/app.js:3:17)
    at Module._compile (node:internal/modules/cjs/loader:1254:14)
    at Module._extensions..js (node:internal/modules/cjs/loader:1308:10)
    at Module.load (node:internal/modules/cjs/loader:1117:32)
    at Module._load (node:internal/modules/cjs/loader:958:12)
    at Module.require (node:internal/modules/cjs/loader:1141:19)
    at Hook._require.Module.require (/home/sridhar/.nvm/versions/node/v18.15.0/lib/node_modules/pm2/node_modules/require-in-the-middle/index.js:101:39)
Error: Cannot find module 'express'
Require stack:
- /home/sridhar/Sports/capstone/app.js
- /home/sridhar/Sports/capstone/index.js
    at Module._resolveFilename (node:internal/modules/cjs/loader:1075:15)
    at Hook._require.Module.require (/home/sridhar/.nvm/versions/node/v18.15.0/lib/node_modules/pm2/node_modules/require-in-the-middle/index.js:81:25)
    at require (node:internal/modules/cjs/helpers:110:18)
    at Object.<anonymous> (/home/sridhar/Sports/capstone/app.js:3:17)
    at Module._compile (node:internal/modules/cjs/loader:1254:14)
    at Module._extensions..js (node:internal/modules/cjs/loader:1308:10)
    at Module.load (node:internal/modules/cjs/loader:1117:32)
    at Module._load (node:internal/modules/cjs/loader:958:12)
    at Module.require (node:internal/modules/cjs/loader:1141:19)
    at Hook._require.Module.require (/home/sridhar/.nvm/versions/node/v18.15.0/lib/node_modules/pm2/node_modules/require-in-the-middle/index.js:101:39)
Error: Cannot find module 'express'
Require stack:
- /home/sridhar/Sports/capstone/app.js
- /home/sridhar/Sports/capstone/index.js
    at Module._resolveFilename (node:internal/modules/cjs/loader:1075:15)
    at Hook._require.Module.require (/home/sridhar/.nvm/versions/node/v18.15.0/lib/node_modules/pm2/node_modules/require-in-the-middle/index.js:81:25)
    at require (node:internal/modules/cjs/helpers:110:18)
    at Object.<anonymous> (/home/sridhar/Sports/capstone/app.js:3:17)
    at Module._compile (node:internal/modules/cjs/loader:1254:14)
    at Module._extensions..js (node:internal/modules/cjs/loader:1308:10)
    at Module.load (node:internal/modules/cjs/loader:1117:32)
    at Module._load (node:internal/modules/cjs/loader:958:12)
    at Module.require (node:internal/modules/cjs/loader:1141:19)
    at Hook._require.Module.require (/home/sridhar/.nvm/versions/node/v18.15.0/lib/node_modules/pm2/node_modules/require-in-the-middle/index.js:101:39)
Error: Cannot find module 'express'
Require stack:
- /home/sridhar/Sports/capstone/app.js
- /home/sridhar/Sports/capstone/index.js
    at Module._resolveFilename (node:internal/modules/cjs/loader:1075:15)
    at Hook._require.Module.require (/home/sridhar/.nvm/versions/node/v18.15.0/lib/node_modules/pm2/node_modules/require-in-the-middle/index.js:81:25)
    at require (node:internal/modules/cjs/helpers:110:18)
    at Object.<anonymous> (/home/sridhar/Sports/capstone/app.js:3:17)
    at Module._compile (node:internal/modules/cjs/loader:1254:14)
    at Module._extensions..js (node:internal/modules/cjs/loader:1308:10)
    at Module.load (node:internal/modules/cjs/loader:1117:32)
    at Module._load (node:internal/modules/cjs/loader:958:12)
    at Module.require (node:internal/modules/cjs/loader:1141:19)
    at Hook._require.Module.require (/home/sridhar/.nvm/versions/node/v18.15.0/lib/node_modules/pm2/node_modules/require-in-the-middle/index.js:101:39)
Error: Cannot find module 'express'
Require stack:
- /home/sridhar/Sports/capstone/app.js
- /home/sridhar/Sports/capstone/index.js
    at Module._resolveFilename (node:internal/modules/cjs/loader:1075:15)
    at Hook._require.Module.require (/home/sridhar/.nvm/versions/node/v18.15.0/lib/node_modules/pm2/node_modules/require-in-the-middle/index.js:81:25)
    at require (node:internal/modules/cjs/helpers:110:18)
    at Object.<anonymous> (/home/sridhar/Sports/capstone/app.js:3:17)
    at Module._compile (node:internal/modules/cjs/loader:1254:14)
    at Module._extensions..js (node:internal/modules/cjs/loader:1308:10)
    at Module.load (node:internal/modules/cjs/loader:1117:32)
    at Module._load (node:internal/modules/cjs/loader:958:12)
    at Module.require (node:internal/modules/cjs/loader:1141:19)
    at Hook._require.Module.require (/home/sridhar/.nvm/versions/node/v18.15.0/lib/node_modules/pm2/node_modules/require-in-the-middle/index.js:101:39)
Error: Cannot find module 'express'
Require stack:
- /home/sridhar/Sports/capstone/app.js
- /home/sridhar/Sports/capstone/index.js
    at Module._resolveFilename (node:internal/modules/cjs/loader:1075:15)
    at Hook._require.Module.require (/home/sridhar/.nvm/versions/node/v18.15.0/lib/node_modules/pm2/node_modules/require-in-the-middle/index.js:81:25)
    at require (node:internal/modules/cjs/helpers:110:18)
    at Object.<anonymous> (/home/sridhar/Sports/capstone/app.js:3:17)
    at Module._compile (node:internal/modules/cjs/loader:1254:14)
    at Module._extensions..js (node:internal/modules/cjs/loader:1308:10)
    at Module.load (node:internal/modules/cjs/loader:1117:32)
    at Module._load (node:internal/modules/cjs/loader:958:12)
    at Module.require (node:internal/modules/cjs/loader:1141:19)
    at Hook._require.Module.require (/home/sridhar/.nvm/versions/node/v18.15.0/lib/node_modules/pm2/node_modules/require-in-the-middle/index.js:101:39)
